2023-01-26T16:15:28: /home/pkn/projecten/groups-perl/msgraph_lwp.pl started.
2023-01-26T16:15:28: Filter is: ASC
2023-01-26T16:15:28: Verbose is set.
2023-01-26T16:15:29: 27 groups fetched.
2023-01-26T16:15:29: 2a5c55c4-ca33-4bdd-810b-22f6d41fc3ab => ASC-Dymo
2023-01-26T16:15:29: 67820c75-c52a-47c2-be8d-d42f99896947 => ASC 20-AC-05 Leerlingenportaal
2023-01-26T16:15:29: f8b1f49b-40aa-427e-892d-1f7b6cae416b => ASC 22-AC-01 STO WF
2023-01-26T16:15:29: 6458e06f-ad0c-4929-ac55-e48f76af7d9f => ASC AC Magister Applicatiebeheer
2023-01-26T16:15:29: c5e73e75-33b2-4c64-8258-74fc6d154d14 => ASC AC STO-W-projectadministratie
2023-01-26T16:15:29: f5ca898f-13db-4955-9717-66caaafb039a => ASC AC Treasury
2023-01-26T16:15:29: 1f93a976-3783-46f6-9636-d0f3711a6e15 => ASC Adviseurs
2023-01-26T16:15:29: d1a2a7cc-a033-48b0-b93a-2431a330740a => ASC Applicatiebeheer
2023-01-26T16:15:29: a06866bf-0179-42b9-8818-2e5845b7086f => ASC Applicationtest
2023-01-26T16:15:29: 8328e9da-7221-49eb-baa6-001da3b8f1a7 => ASC Arbeidsjurist
2023-01-26T16:15:29: 8b26ac59-8a9f-4e0a-831b-5283551ad647 => ASC Atlas Games 2020
2023-01-26T16:15:29: c364de4a-a998-4a29-addf-8e8781fce659 => ASC Atlas/PSG/SKOV
2023-01-26T16:15:29: 9d03bb8a-4ef3-442c-9ecb-6d2b0e29e087 => ASC Bestuursonderzoek 2022
2023-01-26T16:15:30: 57af49a6-44ed-4c03-a423-6757d1a48002 => ASC BHV
2023-01-26T16:15:30: 3096c24c-960f-453e-b049-18ac0280c9be => ASC Combinatiefuntionaris ATLAS College
2023-01-26T16:15:30: 1968ea87-6085-4f91-a043-56a1ec9a2662 => ASC Communicatie
2023-01-26T16:15:30: 63a94a1d-da0e-47d7-8e88-dcf3758ba456 => ASC Dienstverlening ICT FAB
2023-01-26T16:15:30: d586ecbd-712f-4010-8369-fb6211a53290 => ASC Financiėn
2023-01-26T16:15:30: b963b2bc-ee64-4c24-a292-1ca4301e028c => ASC ICT Atlas College
2023-01-26T16:15:30: db512054-fabc-445b-b4ee-ee5f43fe38de => ASC Onderwijs & Kwaliteit
2023-01-26T16:15:30: 0f0b3008-0586-4519-b566-e40fd01f5ead => ASC Personeel & Organisatie
2023-01-26T16:15:30: a596e0f9-f7c4-413c-9b9d-32ef617ea8e8 => ASC PKn-Test
2023-01-26T16:15:30: 8bd5de4f-1b93-45b7-99e0-1cbc414abb62 => ASC Secretariaat
2023-01-26T16:15:30: 5e7b050d-9419-4e46-93e4-fdfba3486e04 => ASC Service centrum
2023-01-26T16:15:30: 5261d1cc-9fab-47b8-b851-0451b37c55c9 => ASC Staf devices
2023-01-26T16:15:30: 4c82dbee-1da3-422a-a8e9-978d42a4cef0 => ASC Systeembeheer
2023-01-26T16:15:30: b2b6176c-381b-4667-a879-895d4c2017a5 => ASC Ziektevervanging
